0 info it worked if it ends with ok
1 verbose cli [ 'C:\\Program Files (x86)\\nodejs\\\\node.exe',
1 verbose cli   'C:\\Program Files (x86)\\nodejs\\node_modules\\npm\\bin\\npm-cli.js',
1 verbose cli   'publish' ]
2 info using npm@2.1.16
3 info using node@v0.10.35
4 verbose node symlink C:\Program Files (x86)\nodejs\\node.exe
5 verbose publish [ '.' ]
6 silly cache add args [ '.', null ]
7 verbose cache add spec .
8 silly cache add parsed spec { raw: '.',
8 silly cache add   scope: null,
8 silly cache add   name: null,
8 silly cache add   rawSpec: '.',
8 silly cache add   spec: 'C:\\Users\\Davip\\Node\\Modules\\directory-path',
8 silly cache add   type: 'directory' }
9 verbose tar pack [ 'C:\\Users\\Davip\\AppData\\Roaming\\npm-cache\\directory-path\\0.1.1\\package.tgz',
9 verbose tar pack   'C:\\Users\\Davip\\Node\\Modules\\directory-path' ]
10 verbose tarball C:\Users\Davip\AppData\Roaming\npm-cache\directory-path\0.1.1\package.tgz
11 verbose folder C:\Users\Davip\Node\Modules\directory-path
12 info prepublish directory-path@0.1.1
13 verbose addLocalTarball adding from inside cache C:\Users\Davip\AppData\Roaming\npm-cache\directory-path\0.1.1\package.tgz
14 silly cache afterAdd directory-path@0.1.1
15 verbose afterAdd C:\Users\Davip\AppData\Roaming\npm-cache\directory-path\0.1.1\package\package.json not in flight; writing
16 verbose afterAdd C:\Users\Davip\AppData\Roaming\npm-cache\directory-path\0.1.1\package\package.json written
17 silly publish { name: 'directory-path',
17 silly publish   version: '0.1.1',
17 silly publish   description: 'A simple node module for recursively reading directory and nested directories paths',
17 silly publish   keywords: [ 'directory', 'paths' ],
17 silly publish   scripts: { test: 'mocha test' },
17 silly publish   engine: { node: '>=0.10.*' },
17 silly publish   devDependencies: { chai: '1.10.0', mocha: '2.1.0' },
17 silly publish   repository:
17 silly publish    { type: 'git',
17 silly publish      url: 'https://github.com/davidenq/directory-path' },
17 silly publish   bugs: { url: 'https://github.com/davidenq/directory-path/issues' },
17 silly publish   author:
17 silly publish    { name: 'David Núñez',
17 silly publish      email: 'davip@live.com',
17 silly publish      url: 'https://github.com/davidenq' },
17 silly publish   license: { type: 'MIT' },
17 silly publish   maintainers: { name: 'David Núñez', email: 'davip@live.com' },
17 silly publish   main: 'index.js',
17 silly publish   readmeFilename: 'README.md',
17 silly publish   readme: '\n>#English version\n\n# directory-path\n\nA node.js module for recursively reading directory and nested directories paths.\n\n### Installation\n```\n$ [sudo] npm install directory-path --save\n```\n### How to use\n\nThe following example attaches directory-path to a simple  Node.JS app\n\n#####_Directory structure:_\n```\n├── full/\n│   ├── nested /\n│   │   ├── nested-a/\n│   │   │   ├── a1/\n│   │   │   │   ├── empty.js/\n│   │   │   ├── a2/\n│   │   │   │   ├── a21/\n│   │   │   │   │   ├── a211/\n│   │   │   │   │   │   ├── empty.js/\n│   │   │   │   │   │   ├── example.js/\n│   │   ├── nested-b/\n│   │   │   ├── b1/\n│   │   │   │   ├── b11/\n│   │   │   │   │   ├── empty.js/\n│   │   │   ├── b2/\n│   │   │   │   ├── b21/\n\n```\nindex.js\n```js\nvar directory = require(\'directory-path\');\n\nconsole.log(directory(\'full\'));\n\n```\nRun the app:\n```\nnode index.js\n```\ngives the following output\n```\n[ \'full/nested\',\n  \'full/nested/nested-a\',\n  \'full/nested/nested-b\',\n  \'full/nested/nested-a/a1\',\n  \'full/nested/nested-a/a2\',\n  \'full/nested/nested-b/b1\',\n  \'full/nested/nested-b/b2\',\n  \'full/nested/nested-a/a2/a21\',\n  \'full/nested/nested-b/b1/b11\',\n  \'full/nested/nested-b/b2/b21\',\n  \'full/nested/nested-a/a2/a21/a211\' ]\n\n```\n\n## Support\n\nIf you need help using directory-path, or have found a bug, please create an issue on the\n<a href="https://github.com/davidenq/directory-path/issues" target="_blank">GitHub repo</a>.\n\n## License\n\nMIT Licence\n\n\n>#Versión Español\n\n#directory-path\n\nUn modulo para node.js que lee de forma recursiva la ruta de una carpeta de archivos y sus carpetas aninados.\n\n###Instalación\n\n$ [sudo] npm install directory-path --save\n\n###¿Cómo usar?\n\nA continuación se muestra un ejemplo sensillo de la ejecución del modulo.\n\n#####_Estructura del directorio_\n\n```\n├── full/\n│   ├── nested /\n│   │   ├── nested-a/\n│   │   │   ├── a1/\n│   │   │   │   ├── empty.js/\n│   │   │   ├── a2/\n│   │   │   │   ├── a21/\n│   │   │   │   │   ├── a211/\n│   │   │   │   │   │   ├── empty.js/\n│   │   │   │   │   │   ├── example.js/\n│   │   ├── nested-b/\n│   │   │   ├── b1/\n│   │   │   │   ├── b11/\n│   │   │   │   │   ├── empty.js/\n│   │   │   ├── b2/\n│   │   │   │   ├── b21/\n\n```\n\nindex.js\n\n```js\nvar directory = require(\'directory-path\');\n\nconsole.log(directory(\'full\'));\n\n```\nEjecutar\n```\nnode index.js\n```\nSe obtiene cómo resultado\n```\n[ \'full/nested\',\n  \'full/nested/nested-a\',\n  \'full/nested/nested-b\',\n  \'full/nested/nested-a/a1\',\n  \'full/nested/nested-a/a2\',\n  \'full/nested/nested-b/b1\',\n  \'full/nested/nested-b/b2\',\n  \'full/nested/nested-a/a2/a21\',\n  \'full/nested/nested-b/b1/b11\',\n  \'full/nested/nested-b/b2/b21\',\n  \'full/nested/nested-a/a2/a21/a211\' ]\n\n```\n\n## Soporte\n\nSi necesitas ayuda usando el módulo directory-path, o si encuentras un bug, por favor créa un issue en <a href="https://github.com/davidenq/directory-path/issues" target="_blank">GitHub repo</a>.\n\n## Licencia\n\nMIT Licence\n',
17 silly publish   homepage: 'https://github.com/davidenq/directory-path',
17 silly publish   _id: 'directory-path@0.1.1',
17 silly publish   _shasum: 'e6d7ffc90d3dd4cc0a432b76661ae3732b41bd6c',
17 silly publish   _from: '.' }
18 silly mapToRegistry name directory-path
19 silly mapToRegistry using default registry
20 silly mapToRegistry registry https://registry.npmjs.org/
21 silly mapToRegistry uri https://registry.npmjs.org/directory-path
22 verbose publish registryBase https://registry.npmjs.org/
23 silly publish uploading C:\Users\Davip\AppData\Roaming\npm-cache\directory-path\0.1.1\package.tgz
24 verbose request uri https://registry.npmjs.org/directory-path
25 verbose request sending authorization for write operation
26 info attempt registry request try #1 at 15:05:55
27 verbose request id 1cc0c68b4a12ff33
28 http request PUT https://registry.npmjs.org/directory-path
29 http 403 https://registry.npmjs.org/directory-path
30 verbose headers { date: 'Fri, 09 Jan 2015 20:06:06 GMT',
30 verbose headers   server: 'CouchDB/1.5.0 (Erlang OTP/R16B03)',
30 verbose headers   'content-type': 'application/json',
30 verbose headers   'cache-control': 'max-age=60',
30 verbose headers   'content-length': '6651',
30 verbose headers   'accept-ranges': 'bytes',
30 verbose headers   via: '1.1 varnish',
30 verbose headers   'x-served-by': 'cache-jfk1020-JFK',
30 verbose headers   'x-cache': 'MISS',
30 verbose headers   'x-cache-hits': '0',
30 verbose headers   'x-timer': 'S1420833966.303705,VS0,VE163',
30 verbose headers   'keep-alive': 'timeout=10, max=50',
30 verbose headers   connection: 'Keep-Alive' }
31 verbose request invalidating C:\Users\Davip\AppData\Roaming\npm-cache\registry.npmjs.org\directory-path on PUT
32 error publish Failed PUT 403
33 verbose stack Error: forbidden cannot modify pre-existing version: 0.1.1
33 verbose stack old={"name":"directory-path","version":"0.1.1","description":"A simple node module for recursively reading directory and nested directories paths","keywords":["directory","paths"],"scripts":{"test":"mocha test"},"engine":{"node":">=0.10.*"},"devDependencies":{"chai":"1.10.0","mocha":"2.1.0"},"repository":{"type":"git","url":"https://github.com/davidenq/directory-path"},"bugs":{"url":"https://github.com/davidenq/directory-path/issues"},"author":{"name":"David Núñez","email":"davip@live.com","url":"https://github.com/davidenq"},"license":{"type":"MIT"},"maintainers":[{"name":"davidenq","email":"davip@live.com"}],"main":"index.js","homepage":"https://github.com/davidenq/directory-path","_id":"directory-path@0.1.1","_shasum":"fa5e946ee341d93e8588a7656a168785c9212c06","_from":".","_npmVersion":"2.1.16","_nodeVersion":"0.10.35","_npmUser":{"name":"davidenq","email":"davip@live.com"},"dist":{"shasum":"fa5e946ee341d93e8588a7656a168785c9212c06","tarball":"http://registry.npmjs.org/directory-path/-/directory-path-0.1.1.tgz"}}
33 verbose stack new={"name":"directory-path","version":"0.1.1","description":"A simple node module for recursively reading directory and nested directories paths","keywords":["directory","paths"],"scripts":{"test":"mocha test"},"engine":{"node":">=0.10.*"},"devDependencies":{"chai":"1.10.0","mocha":"2.1.0"},"repository":{"type":"git","url":"https://github.com/davidenq/directory-path"},"bugs":{"url":"https://github.com/davidenq/directory-path/issues"},"author":{"name":"David Núñez","email":"davip@live.com","url":"https://github.com/davidenq"},"license":{"type":"MIT"},"maintainers":[{"name":"davidenq","email":"davip@live.com"}],"main":"index.js","readmeFilename":"README.md","readme":"\u000a>#English version\u000a\u000a# directory-path\u000a\u000aA node.js module for recursively reading directory and nested directories paths.\u000a\u000a### Installation\u000a```\u000a$ [sudo] npm install directory-path --save\u000a```\u000a### How to use\u000a\u000aThe following example attaches directory-path to a simple  Node.JS app\u000a\u000a#####_Directory structure:_\u000a```\u000a├── full/\u000a│   ├── nested /\u000a│   │   ├── nested-a/\u000a│   │   │   ├── a1/\u000a│   │   │   │   ├── empty.js/\u000a│   │   │   ├── a2/\u000a│   │   │   │   ├── a21/\u000a│   │   │   │   │   ├── a211/\u000a│   │   │   │   │   │   ├── empty.js/\u000a│   │   │   │   │   │   ├── example.js/\u000a│   │   ├── nested-b/\u000a│   │   │   ├── b1/\u000a│   │   │   │   ├── b11/\u000a│   │   │   │   │   ├── empty.js/\u000a│   │   │   ├── b2/\u000a│   │   │   │   ├── b21/\u000a\u000a```\u000aindex.js\u000a```js\u000avar directory = require('directory-path');\u000a\u000aconsole.log(directory('full'));\u000a\u000a```\u000aRun the app:\u000a```\u000anode index.js\u000a```\u000agives the following output\u000a```\u000a[ 'full/nested',\u000a  'full/nested/nested-a',\u000a  'full/nested/nested-b',\u000a  'full/nested/nested-a/a1',\u000a  'full/nested/nested-a/a2',\u000a  'full/nested/nested-b/b1',\u000a  'full/nested/nested-b/b2',\u000a  'full/nested/nested-a/a2/a21',\u000a  'full/nested/nested-b/b1/b11',\u000a  'full/nested/nested-b/b2/b21',\u000a  'full/nested/nested-a/a2/a21/a211' ]\u000a\u000a```\u000a\u000a## Support\u000a\u000aIf you need help using directory-path, or have found a bug, please create an issue on the\u000a<a href=\"https://github.com/davidenq/directory-path/issues\" target=\"_blank\">GitHub repo</a>.\u000a\u000a## License\u000a\u000aMIT Licence\u000a\u000a\u000a>#Versión Español\u000a\u000a#directory-path\u000a\u000aUn modulo para node.js que lee de forma recursiva la ruta de una carpeta de archivos y sus carpetas aninados.\u000a\u000a###Instalación\u000a\u000a$ [sudo] npm install directory-path --save\u000a\u000a###¿Cómo usar?\u000a\u000aA continuación se muestra un ejemplo sensillo de la ejecución del modulo.\u000a\u000a#####_Estructura del directorio_\u000a\u000a```\u000a├── full/\u000a│   ├── nested /\u000a│   │   ├── nested-a/\u000a│   │   │   ├── a1/\u000a│   │   │   │   ├── empty.js/\u000a│   │   │   ├── a2/\u000a│   │   │   │   ├── a21/\u000a│   │   │   │   │   ├── a211/\u000a│   │   │   │   │   │   ├── empty.js/\u000a│   │   │   │   │   │   ├── example.js/\u000a│   │   ├── nested-b/\u000a│   │   │   ├── b1/\u000a│   │   │   │   ├── b11/\u000a│   │   │   │   │   ├── empty.js/\u000a│   │   │   ├── b2/\u000a│   │   │   │   ├── b21/\u000a\u000a```\u000a\u000aindex.js\u000a\u000a```js\u000avar directory = require('directory-path');\u000a\u000aconsole.log(directory('full'));\u000a\u000a```\u000aEjecutar\u000a```\u000anode index.js\u000a```\u000aSe obtiene cómo resultado\u000a```\u000a[ 'full/nested',\u000a  'full/nested/nested-a',\u000a  'full/nested/nested-b',\u000a  'full/nested/nested-a/a1',\u000a  'full/nested/nested-a/a2',\u000a  'full/nested/nested-b/b1',\u000a  'full/nested/nested-b/b2',\u000a  'full/nested/nested-a/a2/a21',\u000a  'full/nested/nested-b/b1/b11',\u000a  'full/nested/nested-b/b2/b21',\u000a  'full/nested/nested-a/a2/a21/a211' ]\u000a\u000a```\u000a\u000a## Soporte\u000a\u000aSi necesitas ayuda usando el módulo directory-path, o si encuentras un bug, por favor créa un issue en <a href=\"https://github.com/davidenq/directory-path/issues\" target=\"_blank\">GitHub repo</a>.\u000a\u000a## Licencia\u000a\u000aMIT Licence\u000a","homepage":"https://github.com/davidenq/directory-path","_id":"directory-path@0.1.1","_shasum":"e6d7ffc90d3dd4cc0a432b76661ae3732b41bd6c","_from":".","_npmVersion":"2.1.16","_nodeVersion":"0.10.35","_npmUser":{"name":"davidenq","email":"davip@live.com"},"dist":{"shasum":"e6d7ffc90d3dd4cc0a432b76661ae3732b41bd6c","tarball":"http://registry.npmjs.org/directory-path/-/directory-path-0.1.1.tgz"}}: directory-path
33 verbose stack     at CachingRegistryClient.<anonymous> (C:\Program Files (x86)\nodejs\node_modules\npm\node_modules\npm-registry-client\lib\request.js:244:14)
33 verbose stack     at Request._callback (C:\Program Files (x86)\nodejs\node_modules\npm\node_modules\npm-registry-client\lib\request.js:172:14)
33 verbose stack     at Request.self.callback (C:\Program Files (x86)\nodejs\node_modules\npm\node_modules\request\request.js:373:22)
33 verbose stack     at Request.emit (events.js:98:17)
33 verbose stack     at Request.<anonymous> (C:\Program Files (x86)\nodejs\node_modules\npm\node_modules\request\request.js:1318:14)
33 verbose stack     at Request.emit (events.js:117:20)
33 verbose stack     at IncomingMessage.<anonymous> (C:\Program Files (x86)\nodejs\node_modules\npm\node_modules\request\request.js:1266:12)
33 verbose stack     at IncomingMessage.emit (events.js:117:20)
33 verbose stack     at _stream_readable.js:944:16
33 verbose stack     at process._tickCallback (node.js:442:13)
34 verbose statusCode 403
35 verbose pkgid directory-path
36 verbose cwd C:\Users\Davip\Node\Modules\directory-path
37 error Windows_NT 6.2.9200
38 error argv "C:\\Program Files (x86)\\nodejs\\\\node.exe" "C:\\Program Files (x86)\\nodejs\\node_modules\\npm\\bin\\npm-cli.js" "publish"
39 error node v0.10.35
40 error npm  v2.1.16
41 error code E403
42 error forbidden cannot modify pre-existing version: 0.1.1
42 error old={"name":"directory-path","version":"0.1.1","description":"A simple node module for recursively reading directory and nested directories paths","keywords":["directory","paths"],"scripts":{"test":"mocha test"},"engine":{"node":">=0.10.*"},"devDependencies":{"chai":"1.10.0","mocha":"2.1.0"},"repository":{"type":"git","url":"https://github.com/davidenq/directory-path"},"bugs":{"url":"https://github.com/davidenq/directory-path/issues"},"author":{"name":"David Núñez","email":"davip@live.com","url":"https://github.com/davidenq"},"license":{"type":"MIT"},"maintainers":[{"name":"davidenq","email":"davip@live.com"}],"main":"index.js","homepage":"https://github.com/davidenq/directory-path","_id":"directory-path@0.1.1","_shasum":"fa5e946ee341d93e8588a7656a168785c9212c06","_from":".","_npmVersion":"2.1.16","_nodeVersion":"0.10.35","_npmUser":{"name":"davidenq","email":"davip@live.com"},"dist":{"shasum":"fa5e946ee341d93e8588a7656a168785c9212c06","tarball":"http://registry.npmjs.org/directory-path/-/directory-path-0.1.1.tgz"}}
42 error new={"name":"directory-path","version":"0.1.1","description":"A simple node module for recursively reading directory and nested directories paths","keywords":["directory","paths"],"scripts":{"test":"mocha test"},"engine":{"node":">=0.10.*"},"devDependencies":{"chai":"1.10.0","mocha":"2.1.0"},"repository":{"type":"git","url":"https://github.com/davidenq/directory-path"},"bugs":{"url":"https://github.com/davidenq/directory-path/issues"},"author":{"name":"David Núñez","email":"davip@live.com","url":"https://github.com/davidenq"},"license":{"type":"MIT"},"maintainers":[{"name":"davidenq","email":"davip@live.com"}],"main":"index.js","readmeFilename":"README.md","readme":"\u000a>#English version\u000a\u000a# directory-path\u000a\u000aA node.js module for recursively reading directory and nested directories paths.\u000a\u000a### Installation\u000a```\u000a$ [sudo] npm install directory-path --save\u000a```\u000a### How to use\u000a\u000aThe following example attaches directory-path to a simple  Node.JS app\u000a\u000a#####_Directory structure:_\u000a```\u000a├── full/\u000a│   ├── nested /\u000a│   │   ├── nested-a/\u000a│   │   │   ├── a1/\u000a│   │   │   │   ├── empty.js/\u000a│   │   │   ├── a2/\u000a│   │   │   │   ├── a21/\u000a│   │   │   │   │   ├── a211/\u000a│   │   │   │   │   │   ├── empty.js/\u000a│   │   │   │   │   │   ├── example.js/\u000a│   │   ├── nested-b/\u000a│   │   │   ├── b1/\u000a│   │   │   │   ├── b11/\u000a│   │   │   │   │   ├── empty.js/\u000a│   │   │   ├── b2/\u000a│   │   │   │   ├── b21/\u000a\u000a```\u000aindex.js\u000a```js\u000avar directory = require('directory-path');\u000a\u000aconsole.log(directory('full'));\u000a\u000a```\u000aRun the app:\u000a```\u000anode index.js\u000a```\u000agives the following output\u000a```\u000a[ 'full/nested',\u000a  'full/nested/nested-a',\u000a  'full/nested/nested-b',\u000a  'full/nested/nested-a/a1',\u000a  'full/nested/nested-a/a2',\u000a  'full/nested/nested-b/b1',\u000a  'full/nested/nested-b/b2',\u000a  'full/nested/nested-a/a2/a21',\u000a  'full/nested/nested-b/b1/b11',\u000a  'full/nested/nested-b/b2/b21',\u000a  'full/nested/nested-a/a2/a21/a211' ]\u000a\u000a```\u000a\u000a## Support\u000a\u000aIf you need help using directory-path, or have found a bug, please create an issue on the\u000a<a href=\"https://github.com/davidenq/directory-path/issues\" target=\"_blank\">GitHub repo</a>.\u000a\u000a## License\u000a\u000aMIT Licence\u000a\u000a\u000a>#Versión Español\u000a\u000a#directory-path\u000a\u000aUn modulo para node.js que lee de forma recursiva la ruta de una carpeta de archivos y sus carpetas aninados.\u000a\u000a###Instalación\u000a\u000a$ [sudo] npm install directory-path --save\u000a\u000a###¿Cómo usar?\u000a\u000aA continuación se muestra un ejemplo sensillo de la ejecución del modulo.\u000a\u000a#####_Estructura del directorio_\u000a\u000a```\u000a├── full/\u000a│   ├── nested /\u000a│   │   ├── nested-a/\u000a│   │   │   ├── a1/\u000a│   │   │   │   ├── empty.js/\u000a│   │   │   ├── a2/\u000a│   │   │   │   ├── a21/\u000a│   │   │   │   │   ├── a211/\u000a│   │   │   │   │   │   ├── empty.js/\u000a│   │   │   │   │   │   ├── example.js/\u000a│   │   ├── nested-b/\u000a│   │   │   ├── b1/\u000a│   │   │   │   ├── b11/\u000a│   │   │   │   │   ├── empty.js/\u000a│   │   │   ├── b2/\u000a│   │   │   │   ├── b21/\u000a\u000a```\u000a\u000aindex.js\u000a\u000a```js\u000avar directory = require('directory-path');\u000a\u000aconsole.log(directory('full'));\u000a\u000a```\u000aEjecutar\u000a```\u000anode index.js\u000a```\u000aSe obtiene cómo resultado\u000a```\u000a[ 'full/nested',\u000a  'full/nested/nested-a',\u000a  'full/nested/nested-b',\u000a  'full/nested/nested-a/a1',\u000a  'full/nested/nested-a/a2',\u000a  'full/nested/nested-b/b1',\u000a  'full/nested/nested-b/b2',\u000a  'full/nested/nested-a/a2/a21',\u000a  'full/nested/nested-b/b1/b11',\u000a  'full/nested/nested-b/b2/b21',\u000a  'full/nested/nested-a/a2/a21/a211' ]\u000a\u000a```\u000a\u000a## Soporte\u000a\u000aSi necesitas ayuda usando el módulo directory-path, o si encuentras un bug, por favor créa un issue en <a href=\"https://github.com/davidenq/directory-path/issues\" target=\"_blank\">GitHub repo</a>.\u000a\u000a## Licencia\u000a\u000aMIT Licence\u000a","homepage":"https://github.com/davidenq/directory-path","_id":"directory-path@0.1.1","_shasum":"e6d7ffc90d3dd4cc0a432b76661ae3732b41bd6c","_from":".","_npmVersion":"2.1.16","_nodeVersion":"0.10.35","_npmUser":{"name":"davidenq","email":"davip@live.com"},"dist":{"shasum":"e6d7ffc90d3dd4cc0a432b76661ae3732b41bd6c","tarball":"http://registry.npmjs.org/directory-path/-/directory-path-0.1.1.tgz"}}: directory-path
43 error If you need help, you may report this error at:
43 error     <http://github.com/npm/npm/issues>
44 verbose exit [ 1, true ]
